[INFO] Scanning for projects...
[INFO] 
[INFO] ----------------------< com.risk:risk-simulator >-----------------------
[INFO] Building risk-simulator 0.0.1-SNAPSHOT
[INFO]   from pom.xml
[INFO] --------------------------------[ jar ]---------------------------------
[INFO] 
[INFO] >>> spring-boot:4.0.6:run (default-cli) > test-compile @ risk-simulator >>>
[INFO] 
[INFO] --- resources:3.3.1:resources (default-resources) @ risk-simulator ---
[INFO] Copying 1 resource from src\main\resources to target\classes
[INFO] Copying 6 resources from src\main\resources to target\classes
[INFO] 
[INFO] --- compiler:3.14.1:compile (default-compile) @ risk-simulator ---
[INFO] Recompiling the module because of added or removed source files.
[INFO] Compiling 24 source files with javac [debug parameters release 17] to target\classes
[INFO] /d:/risk-scenario-simulator/risk-scenario-simulator/backend/src/main/java/com/risk/risk_simulator/util/JwtUtil.java: d:\risk-scenario-simulator\risk-scenario-simulator\backend\src\main\java\com\risk\risk_simulator\util\JwtUtil.java uses or overrides a deprecated API.
[INFO] /d:/risk-scenario-simulator/risk-scenario-simulator/backend/src/main/java/com/risk/risk_simulator/util/JwtUtil.java: Recompile with -Xlint:deprecation for details.
[INFO] 
[INFO] --- resources:3.3.1:testResources (default-testResources) @ risk-simulator ---
[INFO] skip non existing resourceDirectory d:\risk-scenario-simulator\risk-scenario-simulator\backend\src\test\resources
[INFO] 
[INFO] --- compiler:3.14.1:testCompile (default-testCompile) @ risk-simulator ---
[INFO] Recompiling the module because of changed dependency.
[INFO] Compiling 1 source file with javac [debug parameters release 17] to target\test-classes
[INFO] 
[INFO] <<< spring-boot:4.0.6:run (default-cli) < test-compile @ risk-simulator <<<
[INFO] 
[INFO] 
[INFO] --- spring-boot:4.0.6:run (default-cli) @ risk-simulator ---
[INFO] Attaching agents: []

  .   ____          _            __ _ _
 /\\ / ___'_ __ _ _(_)_ __  __ _ \ \ \ \
( ( )\___ | '_ | '_| | '_ \/ _` | \ \ \ \
 \\/  ___)| |_)| | | | | || (_| |  ) ) ) )
  '  |____| .__|_| |_|_| |_\__, | / / / /
 =========|_|==============|___/=/_/_/_/

 :: Spring Boot ::                (v4.0.6)

2026-05-08T01:46:38.126+05:30  INFO 41344 --- [risk-simulator] [  restartedMain] c.r.r.RiskSimulatorApplication           : Starting RiskSimulatorApplication using Java 17 with PID 41344 (d:\risk-scenario-simulator\risk-scenario-simulator\backend\target\classes started by Smtam in d:\risk-scenario-simulator\risk-scenario-simulator\backend)
2026-05-08T01:46:38.130+05:30  INFO 41344 --- [risk-simulator] [  restartedMain] c.r.r.RiskSimulatorApplication           : No active profile set, falling back to 1 default profile: "default"
2026-05-08T01:46:38.207+05:30  INFO 41344 --- [risk-simulator] [  restartedMain] .e.DevToolsPropertyDefaultsPostProcessor : Devtools property defaults active! Set 'spring.devtools.add-properties' to 'false' to disable
2026-05-08T01:46:38.208+05:30  INFO 41344 --- [risk-simulator] [  restartedMain] .e.DevToolsPropertyDefaultsPostProcessor : For additional web related logging consider setting the 'logging.level.web' property to 'DEBUG'
2026-05-08T01:46:39.091+05:30  INFO 41344 --- [risk-simulator] [  restartedMain] .s.d.r.c.RepositoryConfigurationDelegate : Bootstrapping Spring Data JPA repositories in DEFAULT mode.
2026-05-08T01:46:39.171+05:30  INFO 41344 --- [risk-simulator] [  restartedMain] .s.d.r.c.RepositoryConfigurationDelegate : Finished Spring Data repository scanning in 67 ms. Found 2 JPA repository interfaces.
2026-05-08T01:46:40.057+05:30  INFO 41344 --- [risk-simulator] [  restartedMain] o.s.boot.tomcat.TomcatWebServer          : Tomcat initialized with port 8081 (http)
2026-05-08T01:46:40.077+05:30  INFO 41344 --- [risk-simulator] [  restartedMain] o.apache.catalina.core.StandardService   : Starting service [Tomcat]
2026-05-08T01:46:40.077+05:30  INFO 41344 --- [risk-simulator] [  restartedMain] o.apache.catalina.core.StandardEngine    : Starting Servlet engine: [Apache Tomcat/11.0.21]
2026-05-08T01:46:40.156+05:30  INFO 41344 --- [risk-simulator] [  restartedMain] b.w.c.s.WebApplicationContextInitializer : Root WebApplicationContext: initialization completed in 1947 ms
2026-05-08T01:46:40.403+05:30  INFO 41344 --- [risk-simulator] [  restartedMain] org.hibernate.orm.jpa                    : HHH008540: Processing PersistenceUnitInfo [name: default]
2026-05-08T01:46:40.499+05:30  INFO 41344 --- [risk-simulator] [  restartedMain] org.hibernate.orm.core                   : HHH000001: Hibernate ORM core version 7.2.12.Final
2026-05-08T01:46:41.226+05:30  INFO 41344 --- [risk-simulator] [  restartedMain] o.s.o.j.p.SpringPersistenceUnitInfo      : No LoadTimeWeaver setup: ignoring JPA class transformer
2026-05-08T01:46:41.276+05:30  INFO 41344 --- [risk-simulator] [  restartedMain] com.zaxxer.hikari.HikariDataSource       : HikariPool-1 - Starting...
2026-05-08T01:46:41.554+05:30  INFO 41344 --- [risk-simulator] [  restartedMain] com.zaxxer.hikari.pool.HikariPool        : HikariPool-1 - Added connection org.postgresql.jdbc.PgConnection@2e07a334
2026-05-08T01:46:41.556+05:30  INFO 41344 --- [risk-simulator] [  restartedMain] com.zaxxer.hikari.HikariDataSource       : HikariPool-1 - Start completed.
2026-05-08T01:46:41.616+05:30  WARN 41344 --- [risk-simulator] [  restartedMain] org.hibernate.orm.deprecation            : HHH90000025: PostgreSQLDialect does not need to be specified explicitly using 'hibernate.dialect' (remove the property setting and it will be selected by default)
2026-05-08T01:46:41.654+05:30  INFO 41344 --- [risk-simulator] [  restartedMain] org.hibernate.orm.connections.pooling    : HHH10001005: Database info:
	Database JDBC URL [jdbc:postgresql://localhost:5432/risk_simulator]
	Database driver: PostgreSQL JDBC Driver
	Database dialect: PostgreSQLDialect
	Database version: 16.13
	Default catalog/schema: risk_simulator/public
	Autocommit mode: undefined/unknown
	Isolation level: READ_COMMITTED [default READ_COMMITTED]
	JDBC fetch size: none
	Pool: DataSourceConnectionProvider
	Minimum pool size: undefined/unknown
	Maximum pool size: undefined/unknown
2026-05-08T01:46:43.082+05:30  INFO 41344 --- [risk-simulator] [  restartedMain] org.hibernate.orm.core                   : HHH000489: No JTA platform available (set 'hibernate.transaction.jta.platform' to enable JTA platform integration)
2026-05-08T01:46:43.214+05:30  INFO 41344 --- [risk-simulator] [  restartedMain] j.LocalContainerEntityManagerFactoryBean : Initialized JPA EntityManagerFactory for persistence unit 'default'
2026-05-08T01:46:43.319+05:30  INFO 41344 --- [risk-simulator] [  restartedMain] o.s.d.j.r.query.QueryEnhancerFactories   : Hibernate is in classpath; If applicable, HQL parser will be used.
2026-05-08T01:46:45.376+05:30 DEBUG 41344 --- [risk-simulator] [  restartedMain] o.f.c.i.s.classpath.ClassPathScanner     : Scanning for classpath resources at 'classpath:db/callback' ...
2026-05-08T01:46:45.376+05:30 DEBUG 41344 --- [risk-simulator] [  restartedMain] o.f.c.i.s.classpath.ClassPathScanner     : Determining location urls for classpath:db/callback using ClassLoader org.springframework.boot.devtools.restart.classloader.RestartClassLoader@4a003d9a ...
2026-05-08T01:46:45.377+05:30 DEBUG 41344 --- [risk-simulator] [  restartedMain] o.f.c.i.s.classpath.ClassPathScanner     : Unable to resolve location classpath:db/callback.
2026-05-08T01:46:45.377+05:30 DEBUG 41344 --- [risk-simulator] [  restartedMain] o.f.c.i.s.classpath.ClassPathScanner     : Scanning for classpath resources at 'classpath:db/migration' ...
2026-05-08T01:46:45.377+05:30 DEBUG 41344 --- [risk-simulator] [  restartedMain] o.f.c.i.s.classpath.ClassPathScanner     : Determining location urls for classpath:db/migration using ClassLoader org.springframework.boot.devtools.restart.classloader.RestartClassLoader@4a003d9a ...
2026-05-08T01:46:45.377+05:30 DEBUG 41344 --- [risk-simulator] [  restartedMain] o.f.c.i.s.classpath.ClassPathScanner     : Scanning URL: file:/D:/risk-scenario-simulator/risk-scenario-simulator/backend/target/classes/db/migration
2026-05-08T01:46:45.378+05:30 DEBUG 41344 --- [risk-simulator] [  restartedMain] i.s.c.FileSystemClassPathLocationScanner : Scanning starting at classpath root in filesystem: D:\risk-scenario-simulator\risk-scenario-simulator\backend\target\classes\
2026-05-08T01:46:45.378+05:30 DEBUG 41344 --- [risk-simulator] [  restartedMain] i.s.c.FileSystemClassPathLocationScanner : Scanning for resources in path: D:\risk-scenario-simulator\risk-scenario-simulator\backend\target\classes\db\migration (db/migration)
2026-05-08T01:46:45.381+05:30 DEBUG 41344 --- [risk-simulator] [  restartedMain] o.f.c.i.s.classpath.ClassPathScanner     : Found resource: db/migration/V1__init.sql
2026-05-08T01:46:45.381+05:30 DEBUG 41344 --- [risk-simulator] [  restartedMain] o.f.c.i.s.classpath.ClassPathScanner     : Found resource: db/migration/V2__create_audit_log.sql
2026-05-08T01:46:45.381+05:30 DEBUG 41344 --- [risk-simulator] [  restartedMain] o.f.c.i.s.classpath.ClassPathScanner     : Found resource: db/migration/V3__create_users_table.sql
2026-05-08T01:46:45.381+05:30 DEBUG 41344 --- [risk-simulator] [  restartedMain] o.f.c.i.s.classpath.ClassPathScanner     : Found resource: db/migration/V4__add_soft_delete_to_risk_scenarios.sql
2026-05-08T01:46:45.381+05:30 DEBUG 41344 --- [risk-simulator] [  restartedMain] o.f.c.i.s.classpath.ClassPathScanner     : Found resource: db/migration/V5__add_missing_columns.sql
2026-05-08T01:46:45.381+05:30 DEBUG 41344 --- [risk-simulator] [  restartedMain] o.f.c.i.s.classpath.ClassPathScanner     : Found resource: db/migration/V6__clean_old_demo_data.sql
2026-05-08T01:46:45.381+05:30 DEBUG 41344 --- [risk-simulator] [  restartedMain] o.f.c.i.s.classpath.ClassPathScanner     : Scanning for classes at classpath:db/migration
2026-05-08T01:46:45.385+05:30 DEBUG 41344 --- [risk-simulator] [  restartedMain] o.f.c.i.resource.ResourceNameValidator   : Validating V5__add_missing_columns.sql
2026-05-08T01:46:45.400+05:30 DEBUG 41344 --- [risk-simulator] [  restartedMain] o.f.c.i.resource.ResourceNameValidator   : Validating V4__add_soft_delete_to_risk_scenarios.sql
2026-05-08T01:46:45.400+05:30 DEBUG 41344 --- [risk-simulator] [  restartedMain] o.f.c.i.resource.ResourceNameValidator   : Validating V2__create_audit_log.sql
2026-05-08T01:46:45.401+05:30 DEBUG 41344 --- [risk-simulator] [  restartedMain] o.f.c.i.resource.ResourceNameValidator   : Validating V3__create_users_table.sql
2026-05-08T01:46:45.401+05:30 DEBUG 41344 --- [risk-simulator] [  restartedMain] o.f.c.i.resource.ResourceNameValidator   : Validating V1__init.sql
2026-05-08T01:46:45.401+05:30 DEBUG 41344 --- [risk-simulator] [  restartedMain] o.f.c.i.resource.ResourceNameValidator   : Validating V6__clean_old_demo_data.sql
2026-05-08T01:46:45.413+05:30 DEBUG 41344 --- [risk-simulator] [  restartedMain] o.f.c.i.database.DatabaseTypeRegister    : Multiple databases found that handle url 'jdbc:postgresql://localhost:5432/risk_simulator': CockroachDB,PostgreSQL
2026-05-08T01:46:45.413+05:30  INFO 41344 --- [risk-simulator] [  restartedMain] org.flywaydb.core.FlywayExecutor         : Database: jdbc:postgresql://localhost:5432/risk_simulator (PostgreSQL 16.13)
2026-05-08T01:46:45.413+05:30 DEBUG 41344 --- [risk-simulator] [  restartedMain] org.flywaydb.core.FlywayExecutor         : Database Type: PostgreSQL
2026-05-08T01:46:45.414+05:30 DEBUG 41344 --- [risk-simulator] [  restartedMain] org.flywaydb.core.FlywayExecutor         : Driver: PostgreSQL JDBC Driver 42.7.10
2026-05-08T01:46:45.414+05:30 DEBUG 41344 --- [risk-simulator] [  restartedMain] org.flywaydb.core.FlywayExecutor         : DDL Transactions Supported: true
2026-05-08T01:46:45.415+05:30 DEBUG 41344 --- [risk-simulator] [  restartedMain] o.f.c.i.s.SchemaHistoryFactory           : Schemas: 
2026-05-08T01:46:45.416+05:30 DEBUG 41344 --- [risk-simulator] [  restartedMain] o.f.c.i.s.SchemaHistoryFactory           : Default schema: null
2026-05-08T01:46:45.434+05:30 DEBUG 41344 --- [risk-simulator] [  restartedMain] o.f.c.i.c.SqlScriptCallbackFactory       : Scanning for SQL callbacks ...
2026-05-08T01:46:45.441+05:30 DEBUG 41344 --- [risk-simulator] [  restartedMain] o.f.core.internal.command.DbSchemas      : Skipping creation of existing schema: "public"
2026-05-08T01:46:45.463+05:30 DEBUG 41344 --- [risk-simulator] [  restartedMain] o.f.c.a.c.ClassicConfiguration           : CherryPickConfigurationExtension not found
2026-05-08T01:46:45.487+05:30 DEBUG 41344 --- [risk-simulator] [  restartedMain] o.f.core.internal.scanner.Scanner        : Filtering out resource: db/migration/V5__add_missing_columns.sql (filename: V5__add_missing_columns.sql)
2026-05-08T01:46:45.488+05:30 DEBUG 41344 --- [risk-simulator] [  restartedMain] o.f.core.internal.scanner.Scanner        : Filtering out resource: db/migration/V4__add_soft_delete_to_risk_scenarios.sql (filename: V4__add_soft_delete_to_risk_scenarios.sql)
2026-05-08T01:46:45.488+05:30 DEBUG 41344 --- [risk-simulator] [  restartedMain] o.f.core.internal.scanner.Scanner        : Filtering out resource: db/migration/V2__create_audit_log.sql (filename: V2__create_audit_log.sql)
2026-05-08T01:46:45.488+05:30 DEBUG 41344 --- [risk-simulator] [  restartedMain] o.f.core.internal.scanner.Scanner        : Filtering out resource: db/migration/V3__create_users_table.sql (filename: V3__create_users_table.sql)
2026-05-08T01:46:45.488+05:30 DEBUG 41344 --- [risk-simulator] [  restartedMain] o.f.core.internal.scanner.Scanner        : Filtering out resource: db/migration/V1__init.sql (filename: V1__init.sql)
2026-05-08T01:46:45.488+05:30 DEBUG 41344 --- [risk-simulator] [  restartedMain] o.f.core.internal.scanner.Scanner        : Filtering out resource: db/migration/V6__clean_old_demo_data.sql (filename: V6__clean_old_demo_data.sql)
2026-05-08T01:46:45.488+05:30 DEBUG 41344 --- [risk-simulator] [  restartedMain] o.f.core.internal.scanner.Scanner        : Filtering out resource: db/migration/V5__add_missing_columns.sql (filename: V5__add_missing_columns.sql)
2026-05-08T01:46:45.488+05:30 DEBUG 41344 --- [risk-simulator] [  restartedMain] o.f.core.internal.scanner.Scanner        : Filtering out resource: db/migration/V4__add_soft_delete_to_risk_scenarios.sql (filename: V4__add_soft_delete_to_risk_scenarios.sql)
2026-05-08T01:46:45.489+05:30 DEBUG 41344 --- [risk-simulator] [  restartedMain] o.f.core.internal.scanner.Scanner        : Filtering out resource: db/migration/V2__create_audit_log.sql (filename: V2__create_audit_log.sql)
2026-05-08T01:46:45.489+05:30 DEBUG 41344 --- [risk-simulator] [  restartedMain] o.f.core.internal.scanner.Scanner        : Filtering out resource: db/migration/V3__create_users_table.sql (filename: V3__create_users_table.sql)
2026-05-08T01:46:45.489+05:30 DEBUG 41344 --- [risk-simulator] [  restartedMain] o.f.core.internal.scanner.Scanner        : Filtering out resource: db/migration/V1__init.sql (filename: V1__init.sql)
2026-05-08T01:46:45.489+05:30 DEBUG 41344 --- [risk-simulator] [  restartedMain] o.f.core.internal.scanner.Scanner        : Filtering out resource: db/migration/V6__clean_old_demo_data.sql (filename: V6__clean_old_demo_data.sql)
2026-05-08T01:46:45.510+05:30  INFO 41344 --- [risk-simulator] [  restartedMain] o.f.core.internal.command.DbMigrate      : Current version of schema "public": 5
2026-05-08T01:46:45.510+05:30  WARN 41344 --- [risk-simulator] [  restartedMain] o.f.core.internal.command.DbMigrate      : outOfOrder mode is active. Migration of schema "public" may not be reproducible.
2026-05-08T01:46:45.513+05:30 DEBUG 41344 --- [risk-simulator] [  restartedMain] o.flywaydb.core.internal.parser.Parser   : Parsing V6__clean_old_demo_data.sql ...
2026-05-08T01:46:45.523+05:30 DEBUG 41344 --- [risk-simulator] [  restartedMain] o.f.c.i.sqlscript.ParserSqlScript        : Found statement at line 3: -- V6: Clear old demo data and reset for fresh seed
-- Remove old records that use deprecated 'ACTIVE' status
DELETE FROM risk_scenarios WHERE status = 'ACTIVE'
2026-05-08T01:46:45.524+05:30 DEBUG 41344 --- [risk-simulator] [  restartedMain] o.f.c.i.sqlscript.ParserSqlScript        : Found statement at line 4: DELETE FROM users WHERE username IN ('admin', 'manager', 'viewer')
2026-05-08T01:46:45.526+05:30 DEBUG 41344 --- [risk-simulator] [  restartedMain] o.f.core.internal.command.DbMigrate      : Starting migration of schema "public" to version "6 - clean old demo data" ...
2026-05-08T01:46:45.529+05:30  INFO 41344 --- [risk-simulator] [  restartedMain] o.f.core.internal.command.DbMigrate      : Migrating schema "public" to version "6 - clean old demo data"
2026-05-08T01:46:45.532+05:30 DEBUG 41344 --- [risk-simulator] [  restartedMain] o.f.c.i.s.DefaultSqlScriptExecutor       : Executing SQL: -- V6: Clear old demo data and reset for fresh seed
-- Remove old records that use deprecated 'ACTIVE' status
DELETE FROM risk_scenarios WHERE status = 'ACTIVE'
2026-05-08T01:46:45.552+05:30 DEBUG 41344 --- [risk-simulator] [  restartedMain] o.f.c.i.s.DefaultSqlScriptExecutor       : 4 rows affected
2026-05-08T01:46:45.552+05:30 DEBUG 41344 --- [risk-simulator] [  restartedMain] o.f.c.i.s.DefaultSqlScriptExecutor       : Executing SQL: DELETE FROM users WHERE username IN ('admin', 'manager', 'viewer')
2026-05-08T01:46:45.563+05:30 DEBUG 41344 --- [risk-simulator] [  restartedMain] o.f.c.i.s.DefaultSqlScriptExecutor       : 1 row affected
2026-05-08T01:46:45.563+05:30 DEBUG 41344 --- [risk-simulator] [  restartedMain] o.f.core.internal.command.DbMigrate      : Successfully completed migration of schema "public" to version "6 - clean old demo data"
2026-05-08T01:46:45.578+05:30 DEBUG 41344 --- [risk-simulator] [  restartedMain] o.f.c.i.s.JdbcTableSchemaHistory         : Schema History table "public"."flyway_schema_history" successfully updated to reflect changes
2026-05-08T01:46:45.584+05:30 DEBUG 41344 --- [risk-simulator] [  restartedMain] o.f.c.a.c.ClassicConfiguration           : CherryPickConfigurationExtension not found
2026-05-08T01:46:45.595+05:30  INFO 41344 --- [risk-simulator] [  restartedMain] o.f.core.internal.command.DbMigrate      : Successfully applied 1 migration to schema "public", now at version v6 (execution time 00:00.037s)
2026-05-08T01:46:45.601+05:30 DEBUG 41344 --- [risk-simulator] [  restartedMain] org.flywaydb.core.FlywayExecutor         : Memory usage: 66 of 203M
2026-05-08T01:46:45.681+05:30  WARN 41344 --- [risk-simulator] [  restartedMain] JpaBaseConfiguration$JpaWebConfiguration : spring.jpa.open-in-view is enabled by default. Therefore, database queries may be performed during view rendering. Explicitly configure spring.jpa.open-in-view to disable this warning
2026-05-08T01:46:45.757+05:30  WARN 41344 --- [risk-simulator] [  restartedMain] .s.a.UserDetailsServiceAutoConfiguration : 

Using generated security password: 6bf03e14-173c-432e-9307-bf4a48cfe225

This generated password is for development use only. Your security configuration must be updated before running your application in production.

2026-05-08T01:46:45.768+05:30  INFO 41344 --- [risk-simulator] [  restartedMain] r$InitializeUserDetailsManagerConfigurer : Global AuthenticationManager configured with UserDetailsService bean with name inMemoryUserDetailsManager
2026-05-08T01:46:46.341+05:30  INFO 41344 --- [risk-simulator] [  restartedMain] o.s.boot.tomcat.TomcatWebServer          : Tomcat started on port 8081 (http) with context path '/'
2026-05-08T01:46:46.349+05:30  INFO 41344 --- [risk-simulator] [  restartedMain] c.r.r.RiskSimulatorApplication           : Started RiskSimulatorApplication in 8.771 seconds (process running for 9.538)
2026-05-08T01:46:46.458+05:30  INFO 41344 --- [risk-simulator] [  restartedMain] c.risk.risk_simulator.config.DataSeeder  : Seeding 30 demo risk scenarios...
2026-05-08T01:46:46.598+05:30  INFO 41344 --- [risk-simulator] [  restartedMain] c.risk.risk_simulator.config.DataSeeder  : ? Seeded 30 demo risk scenarios covering all statuses and categories
2026-05-08T01:46:56.189+05:30  INFO 41344 --- [risk-simulator] [nio-8081-exec-1] o.a.c.c.C.[Tomcat].[localhost].[/]       : Initializing Spring DispatcherServlet 'dispatcherServlet'
2026-05-08T01:46:56.190+05:30  INFO 41344 --- [risk-simulator] [nio-8081-exec-1] o.s.web.servlet.DispatcherServlet        : Initializing Servlet 'dispatcherServlet'
2026-05-08T01:46:56.192+05:30  INFO 41344 --- [risk-simulator] [nio-8081-exec-1] o.s.web.servlet.DispatcherServlet        : Completed initialization in 2 ms
