[INFO] Scanning for projects...
[INFO] 
[INFO] ----------------------< com.risk:risk-simulator >-----------------------
[INFO] Building risk-simulator 0.0.1-SNAPSHOT
[INFO]   from pom.xml
[INFO] --------------------------------[ jar ]---------------------------------
[INFO] 
[INFO] >>> spring-boot:4.0.6:run (default-cli) > test-compile @ risk-simulator >>>
[INFO] 
[INFO] --- resources:3.3.1:resources (default-resources) @ risk-simulator ---
[INFO] Copying 1 resource from src\main\resources to target\classes
[INFO] Copying 5 resources from src\main\resources to target\classes
[INFO] 
[INFO] --- compiler:3.14.1:compile (default-compile) @ risk-simulator ---
[INFO] Nothing to compile - all classes are up to date.
[INFO] 
[INFO] --- resources:3.3.1:testResources (default-testResources) @ risk-simulator ---
[INFO] skip non existing resourceDirectory D:\risk-scenario-simulator\risk-scenario-simulator\backend\src\test\resources
[INFO] 
[INFO] --- compiler:3.14.1:testCompile (default-testCompile) @ risk-simulator ---
[INFO] Nothing to compile - all classes are up to date.
[INFO] 
[INFO] <<< spring-boot:4.0.6:run (default-cli) < test-compile @ risk-simulator <<<
[INFO] 
[INFO] 
[INFO] --- spring-boot:4.0.6:run (default-cli) @ risk-simulator ---
[INFO] Attaching agents: []

  .   ____          _            __ _ _
 /\\ / ___'_ __ _ _(_)_ __  __ _ \ \ \ \
( ( )\___ | '_ | '_| | '_ \/ _` | \ \ \ \
 \\/  ___)| |_)| | | | | || (_| |  ) ) ) )
  '  |____| .__|_| |_|_| |_\__, | / / / /
 =========|_|==============|___/=/_/_/_/

 :: Spring Boot ::                (v4.0.6)

2026-05-08T01:35:49.130+05:30  INFO 16972 --- [risk-simulator] [  restartedMain] c.r.r.RiskSimulatorApplication           : Starting RiskSimulatorApplication using Java 17 with PID 16972 (D:\risk-scenario-simulator\risk-scenario-simulator\backend\target\classes started by Smtam in D:\risk-scenario-simulator\risk-scenario-simulator\backend)
2026-05-08T01:35:49.135+05:30  INFO 16972 --- [risk-simulator] [  restartedMain] c.r.r.RiskSimulatorApplication           : No active profile set, falling back to 1 default profile: "default"
2026-05-08T01:35:49.199+05:30  INFO 16972 --- [risk-simulator] [  restartedMain] .e.DevToolsPropertyDefaultsPostProcessor : Devtools property defaults active! Set 'spring.devtools.add-properties' to 'false' to disable
2026-05-08T01:35:49.199+05:30  INFO 16972 --- [risk-simulator] [  restartedMain] .e.DevToolsPropertyDefaultsPostProcessor : For additional web related logging consider setting the 'logging.level.web' property to 'DEBUG'
2026-05-08T01:35:50.048+05:30  INFO 16972 --- [risk-simulator] [  restartedMain] .s.d.r.c.RepositoryConfigurationDelegate : Bootstrapping Spring Data JPA repositories in DEFAULT mode.
2026-05-08T01:35:50.112+05:30  INFO 16972 --- [risk-simulator] [  restartedMain] .s.d.r.c.RepositoryConfigurationDelegate : Finished Spring Data repository scanning in 53 ms. Found 2 JPA repository interfaces.
2026-05-08T01:35:50.906+05:30  INFO 16972 --- [risk-simulator] [  restartedMain] o.s.boot.tomcat.TomcatWebServer          : Tomcat initialized with port 8080 (http)
2026-05-08T01:35:50.923+05:30  INFO 16972 --- [risk-simulator] [  restartedMain] o.apache.catalina.core.StandardService   : Starting service [Tomcat]
2026-05-08T01:35:50.923+05:30  INFO 16972 --- [risk-simulator] [  restartedMain] o.apache.catalina.core.StandardEngine    : Starting Servlet engine: [Apache Tomcat/11.0.21]
2026-05-08T01:35:50.986+05:30  INFO 16972 --- [risk-simulator] [  restartedMain] b.w.c.s.WebApplicationContextInitializer : Root WebApplicationContext: initialization completed in 1785 ms
2026-05-08T01:35:51.183+05:30  INFO 16972 --- [risk-simulator] [  restartedMain] org.hibernate.orm.jpa                    : HHH008540: Processing PersistenceUnitInfo [name: default]
2026-05-08T01:35:51.265+05:30  INFO 16972 --- [risk-simulator] [  restartedMain] org.hibernate.orm.core                   : HHH000001: Hibernate ORM core version 7.2.12.Final
2026-05-08T01:35:51.829+05:30  INFO 16972 --- [risk-simulator] [  restartedMain] o.s.o.j.p.SpringPersistenceUnitInfo      : No LoadTimeWeaver setup: ignoring JPA class transformer
2026-05-08T01:35:51.872+05:30  INFO 16972 --- [risk-simulator] [  restartedMain] com.zaxxer.hikari.HikariDataSource       : HikariPool-1 - Starting...
2026-05-08T01:35:52.109+05:30  INFO 16972 --- [risk-simulator] [  restartedMain] com.zaxxer.hikari.pool.HikariPool        : HikariPool-1 - Added connection org.postgresql.jdbc.PgConnection@46dcb23f
2026-05-08T01:35:52.110+05:30  INFO 16972 --- [risk-simulator] [  restartedMain] com.zaxxer.hikari.HikariDataSource       : HikariPool-1 - Start completed.
2026-05-08T01:35:52.161+05:30  WARN 16972 --- [risk-simulator] [  restartedMain] org.hibernate.orm.deprecation            : HHH90000025: PostgreSQLDialect does not need to be specified explicitly using 'hibernate.dialect' (remove the property setting and it will be selected by default)
2026-05-08T01:35:52.194+05:30  INFO 16972 --- [risk-simulator] [  restartedMain] org.hibernate.orm.connections.pooling    : HHH10001005: Database info:
	Database JDBC URL [jdbc:postgresql://localhost:5432/risk_simulator]
	Database driver: PostgreSQL JDBC Driver
	Database dialect: PostgreSQLDialect
	Database version: 16.13
	Default catalog/schema: risk_simulator/public
	Autocommit mode: undefined/unknown
	Isolation level: READ_COMMITTED [default READ_COMMITTED]
	JDBC fetch size: none
	Pool: DataSourceConnectionProvider
	Minimum pool size: undefined/unknown
	Maximum pool size: undefined/unknown
2026-05-08T01:35:53.429+05:30  INFO 16972 --- [risk-simulator] [  restartedMain] org.hibernate.orm.core                   : HHH000489: No JTA platform available (set 'hibernate.transaction.jta.platform' to enable JTA platform integration)
2026-05-08T01:35:53.551+05:30  INFO 16972 --- [risk-simulator] [  restartedMain] j.LocalContainerEntityManagerFactoryBean : Initialized JPA EntityManagerFactory for persistence unit 'default'
2026-05-08T01:35:53.642+05:30  INFO 16972 --- [risk-simulator] [  restartedMain] o.s.d.j.r.query.QueryEnhancerFactories   : Hibernate is in classpath; If applicable, HQL parser will be used.
2026-05-08T01:35:55.425+05:30 DEBUG 16972 --- [risk-simulator] [  restartedMain] o.f.c.i.s.classpath.ClassPathScanner     : Scanning for classpath resources at 'classpath:db/callback' ...
2026-05-08T01:35:55.425+05:30 DEBUG 16972 --- [risk-simulator] [  restartedMain] o.f.c.i.s.classpath.ClassPathScanner     : Determining location urls for classpath:db/callback using ClassLoader org.springframework.boot.devtools.restart.classloader.RestartClassLoader@4a003d9a ...
2026-05-08T01:35:55.425+05:30 DEBUG 16972 --- [risk-simulator] [  restartedMain] o.f.c.i.s.classpath.ClassPathScanner     : Unable to resolve location classpath:db/callback.
2026-05-08T01:35:55.425+05:30 DEBUG 16972 --- [risk-simulator] [  restartedMain] o.f.c.i.s.classpath.ClassPathScanner     : Scanning for classpath resources at 'classpath:db/migration' ...
2026-05-08T01:35:55.425+05:30 DEBUG 16972 --- [risk-simulator] [  restartedMain] o.f.c.i.s.classpath.ClassPathScanner     : Determining location urls for classpath:db/migration using ClassLoader org.springframework.boot.devtools.restart.classloader.RestartClassLoader@4a003d9a ...
2026-05-08T01:35:55.425+05:30 DEBUG 16972 --- [risk-simulator] [  restartedMain] o.f.c.i.s.classpath.ClassPathScanner     : Scanning URL: file:/D:/risk-scenario-simulator/risk-scenario-simulator/backend/target/classes/db/migration
2026-05-08T01:35:55.426+05:30 DEBUG 16972 --- [risk-simulator] [  restartedMain] i.s.c.FileSystemClassPathLocationScanner : Scanning starting at classpath root in filesystem: D:\risk-scenario-simulator\risk-scenario-simulator\backend\target\classes\
2026-05-08T01:35:55.426+05:30 DEBUG 16972 --- [risk-simulator] [  restartedMain] i.s.c.FileSystemClassPathLocationScanner : Scanning for resources in path: D:\risk-scenario-simulator\risk-scenario-simulator\backend\target\classes\db\migration (db/migration)
2026-05-08T01:35:55.427+05:30 DEBUG 16972 --- [risk-simulator] [  restartedMain] o.f.c.i.s.classpath.ClassPathScanner     : Found resource: db/migration/V1__init.sql
2026-05-08T01:35:55.427+05:30 DEBUG 16972 --- [risk-simulator] [  restartedMain] o.f.c.i.s.classpath.ClassPathScanner     : Found resource: db/migration/V2__create_audit_log.sql
2026-05-08T01:35:55.428+05:30 DEBUG 16972 --- [risk-simulator] [  restartedMain] o.f.c.i.s.classpath.ClassPathScanner     : Found resource: db/migration/V3__create_users_table.sql
2026-05-08T01:35:55.428+05:30 DEBUG 16972 --- [risk-simulator] [  restartedMain] o.f.c.i.s.classpath.ClassPathScanner     : Found resource: db/migration/V4__add_soft_delete_to_risk_scenarios.sql
2026-05-08T01:35:55.428+05:30 DEBUG 16972 --- [risk-simulator] [  restartedMain] o.f.c.i.s.classpath.ClassPathScanner     : Found resource: db/migration/V5__add_missing_columns.sql
2026-05-08T01:35:55.428+05:30 DEBUG 16972 --- [risk-simulator] [  restartedMain] o.f.c.i.s.classpath.ClassPathScanner     : Scanning for classes at classpath:db/migration
2026-05-08T01:35:55.431+05:30 DEBUG 16972 --- [risk-simulator] [  restartedMain] o.f.c.i.resource.ResourceNameValidator   : Validating V5__add_missing_columns.sql
2026-05-08T01:35:55.445+05:30 DEBUG 16972 --- [risk-simulator] [  restartedMain] o.f.c.i.resource.ResourceNameValidator   : Validating V4__add_soft_delete_to_risk_scenarios.sql
2026-05-08T01:35:55.445+05:30 DEBUG 16972 --- [risk-simulator] [  restartedMain] o.f.c.i.resource.ResourceNameValidator   : Validating V2__create_audit_log.sql
2026-05-08T01:35:55.445+05:30 DEBUG 16972 --- [risk-simulator] [  restartedMain] o.f.c.i.resource.ResourceNameValidator   : Validating V3__create_users_table.sql
2026-05-08T01:35:55.445+05:30 DEBUG 16972 --- [risk-simulator] [  restartedMain] o.f.c.i.resource.ResourceNameValidator   : Validating V1__init.sql
2026-05-08T01:35:55.453+05:30 DEBUG 16972 --- [risk-simulator] [  restartedMain] o.f.c.i.database.DatabaseTypeRegister    : Multiple databases found that handle url 'jdbc:postgresql://localhost:5432/risk_simulator': CockroachDB,PostgreSQL
2026-05-08T01:35:55.454+05:30  INFO 16972 --- [risk-simulator] [  restartedMain] org.flywaydb.core.FlywayExecutor         : Database: jdbc:postgresql://localhost:5432/risk_simulator (PostgreSQL 16.13)
2026-05-08T01:35:55.454+05:30 DEBUG 16972 --- [risk-simulator] [  restartedMain] org.flywaydb.core.FlywayExecutor         : Database Type: PostgreSQL
2026-05-08T01:35:55.454+05:30 DEBUG 16972 --- [risk-simulator] [  restartedMain] org.flywaydb.core.FlywayExecutor         : Driver: PostgreSQL JDBC Driver 42.7.10
2026-05-08T01:35:55.454+05:30 DEBUG 16972 --- [risk-simulator] [  restartedMain] org.flywaydb.core.FlywayExecutor         : DDL Transactions Supported: true
2026-05-08T01:35:55.456+05:30 DEBUG 16972 --- [risk-simulator] [  restartedMain] o.f.c.i.s.SchemaHistoryFactory           : Schemas: 
2026-05-08T01:35:55.456+05:30 DEBUG 16972 --- [risk-simulator] [  restartedMain] o.f.c.i.s.SchemaHistoryFactory           : Default schema: null
2026-05-08T01:35:55.479+05:30 DEBUG 16972 --- [risk-simulator] [  restartedMain] o.f.c.i.c.SqlScriptCallbackFactory       : Scanning for SQL callbacks ...
2026-05-08T01:35:55.488+05:30 DEBUG 16972 --- [risk-simulator] [  restartedMain] o.f.core.internal.command.DbSchemas      : Skipping creation of existing schema: "public"
2026-05-08T01:35:55.507+05:30 DEBUG 16972 --- [risk-simulator] [  restartedMain] o.f.c.a.c.ClassicConfiguration           : CherryPickConfigurationExtension not found
2026-05-08T01:35:55.526+05:30 DEBUG 16972 --- [risk-simulator] [  restartedMain] o.f.core.internal.scanner.Scanner        : Filtering out resource: db/migration/V5__add_missing_columns.sql (filename: V5__add_missing_columns.sql)
2026-05-08T01:35:55.526+05:30 DEBUG 16972 --- [risk-simulator] [  restartedMain] o.f.core.internal.scanner.Scanner        : Filtering out resource: db/migration/V4__add_soft_delete_to_risk_scenarios.sql (filename: V4__add_soft_delete_to_risk_scenarios.sql)
2026-05-08T01:35:55.526+05:30 DEBUG 16972 --- [risk-simulator] [  restartedMain] o.f.core.internal.scanner.Scanner        : Filtering out resource: db/migration/V2__create_audit_log.sql (filename: V2__create_audit_log.sql)
2026-05-08T01:35:55.526+05:30 DEBUG 16972 --- [risk-simulator] [  restartedMain] o.f.core.internal.scanner.Scanner        : Filtering out resource: db/migration/V3__create_users_table.sql (filename: V3__create_users_table.sql)
2026-05-08T01:35:55.526+05:30 DEBUG 16972 --- [risk-simulator] [  restartedMain] o.f.core.internal.scanner.Scanner        : Filtering out resource: db/migration/V1__init.sql (filename: V1__init.sql)
2026-05-08T01:35:55.527+05:30 DEBUG 16972 --- [risk-simulator] [  restartedMain] o.f.core.internal.scanner.Scanner        : Filtering out resource: db/migration/V5__add_missing_columns.sql (filename: V5__add_missing_columns.sql)
2026-05-08T01:35:55.527+05:30 DEBUG 16972 --- [risk-simulator] [  restartedMain] o.f.core.internal.scanner.Scanner        : Filtering out resource: db/migration/V4__add_soft_delete_to_risk_scenarios.sql (filename: V4__add_soft_delete_to_risk_scenarios.sql)
2026-05-08T01:35:55.527+05:30 DEBUG 16972 --- [risk-simulator] [  restartedMain] o.f.core.internal.scanner.Scanner        : Filtering out resource: db/migration/V2__create_audit_log.sql (filename: V2__create_audit_log.sql)
2026-05-08T01:35:55.527+05:30 DEBUG 16972 --- [risk-simulator] [  restartedMain] o.f.core.internal.scanner.Scanner        : Filtering out resource: db/migration/V3__create_users_table.sql (filename: V3__create_users_table.sql)
2026-05-08T01:35:55.527+05:30 DEBUG 16972 --- [risk-simulator] [  restartedMain] o.f.core.internal.scanner.Scanner        : Filtering out resource: db/migration/V1__init.sql (filename: V1__init.sql)
2026-05-08T01:35:55.545+05:30  INFO 16972 --- [risk-simulator] [  restartedMain] o.f.core.internal.command.DbMigrate      : Current version of schema "public": 4
2026-05-08T01:35:55.545+05:30  WARN 16972 --- [risk-simulator] [  restartedMain] o.f.core.internal.command.DbMigrate      : outOfOrder mode is active. Migration of schema "public" may not be reproducible.
2026-05-08T01:35:55.548+05:30 DEBUG 16972 --- [risk-simulator] [  restartedMain] o.flywaydb.core.internal.parser.Parser   : Parsing V5__add_missing_columns.sql ...
2026-05-08T01:35:55.554+05:30 DEBUG 16972 --- [risk-simulator] [  restartedMain] o.f.c.i.sqlscript.ParserSqlScript        : Found statement at line 2: -- V5: Add missing columns to risk_scenarios for full feature support
ALTER TABLE risk_scenarios ADD COLUMN IF NOT EXISTS risk_score DOUBLE PRECISION DEFAULT 0.0
2026-05-08T01:35:55.555+05:30 DEBUG 16972 --- [risk-simulator] [  restartedMain] o.f.c.i.sqlscript.ParserSqlScript        : Found statement at line 3: ALTER TABLE risk_scenarios ADD COLUMN IF NOT EXISTS impact VARCHAR(50) DEFAULT 'MEDIUM'
2026-05-08T01:35:55.556+05:30 DEBUG 16972 --- [risk-simulator] [  restartedMain] o.f.c.i.sqlscript.ParserSqlScript        : Found statement at line 4: ALTER TABLE risk_scenarios ADD COLUMN IF NOT EXISTS likelihood VARCHAR(50) DEFAULT 'MEDIUM'
2026-05-08T01:35:55.557+05:30 DEBUG 16972 --- [risk-simulator] [  restartedMain] o.f.c.i.sqlscript.ParserSqlScript        : Found statement at line 5: ALTER TABLE risk_scenarios ADD COLUMN IF NOT EXISTS mitigation_plan TEXT
2026-05-08T01:35:55.557+05:30 DEBUG 16972 --- [risk-simulator] [  restartedMain] o.f.c.i.sqlscript.ParserSqlScript        : Found statement at line 6: ALTER TABLE risk_scenarios ADD COLUMN IF NOT EXISTS projected_cost BIGINT DEFAULT 0
2026-05-08T01:35:55.558+05:30 DEBUG 16972 --- [risk-simulator] [  restartedMain] o.f.c.i.sqlscript.ParserSqlScript        : Found statement at line 7: ALTER TABLE risk_scenarios ADD COLUMN IF NOT EXISTS ai_description TEXT
2026-05-08T01:35:55.558+05:30 DEBUG 16972 --- [risk-simulator] [  restartedMain] o.f.c.i.sqlscript.ParserSqlScript        : Found statement at line 8: ALTER TABLE risk_scenarios ADD COLUMN IF NOT EXISTS ai_recommendations TEXT
2026-05-08T01:35:55.559+05:30 DEBUG 16972 --- [risk-simulator] [  restartedMain] o.f.c.i.sqlscript.ParserSqlScript        : Found statement at line 11: -- Add indexes for common queries
CREATE INDEX IF NOT EXISTS idx_risk_scenarios_impact ON risk_scenarios(impact)
2026-05-08T01:35:55.559+05:30 DEBUG 16972 --- [risk-simulator] [  restartedMain] o.f.c.i.sqlscript.ParserSqlScript        : Found statement at line 12: CREATE INDEX IF NOT EXISTS idx_risk_scenarios_likelihood ON risk_scenarios(likelihood)
2026-05-08T01:35:55.559+05:30 DEBUG 16972 --- [risk-simulator] [  restartedMain] o.f.c.i.sqlscript.ParserSqlScript        : Found statement at line 13: CREATE INDEX IF NOT EXISTS idx_risk_scenarios_risk_score ON risk_scenarios(risk_score)
2026-05-08T01:35:55.560+05:30 DEBUG 16972 --- [risk-simulator] [  restartedMain] o.f.core.internal.command.DbMigrate      : Starting migration of schema "public" to version "5 - add missing columns" ...
2026-05-08T01:35:55.564+05:30  INFO 16972 --- [risk-simulator] [  restartedMain] o.f.core.internal.command.DbMigrate      : Migrating schema "public" to version "5 - add missing columns"
2026-05-08T01:35:55.566+05:30 DEBUG 16972 --- [risk-simulator] [  restartedMain] o.f.c.i.s.DefaultSqlScriptExecutor       : Executing SQL: -- V5: Add missing columns to risk_scenarios for full feature support
ALTER TABLE risk_scenarios ADD COLUMN IF NOT EXISTS risk_score DOUBLE PRECISION DEFAULT 0.0
2026-05-08T01:35:55.573+05:30  WARN 16972 --- [risk-simulator] [  restartedMain] o.f.c.i.s.DefaultSqlScriptExecutor       : DB: column "risk_score" of relation "risk_scenarios" already exists, skipping (SQL State: 42701 - Error Code: 0)
2026-05-08T01:35:55.575+05:30 DEBUG 16972 --- [risk-simulator] [  restartedMain] o.f.c.i.s.DefaultSqlScriptExecutor       : 0 rows affected
2026-05-08T01:35:55.575+05:30 DEBUG 16972 --- [risk-simulator] [  restartedMain] o.f.c.i.s.DefaultSqlScriptExecutor       : Executing SQL: ALTER TABLE risk_scenarios ADD COLUMN IF NOT EXISTS impact VARCHAR(50) DEFAULT 'MEDIUM'
2026-05-08T01:35:55.576+05:30  WARN 16972 --- [risk-simulator] [  restartedMain] o.f.c.i.s.DefaultSqlScriptExecutor       : DB: column "impact" of relation "risk_scenarios" already exists, skipping (SQL State: 42701 - Error Code: 0)
2026-05-08T01:35:55.576+05:30 DEBUG 16972 --- [risk-simulator] [  restartedMain] o.f.c.i.s.DefaultSqlScriptExecutor       : 0 rows affected
2026-05-08T01:35:55.576+05:30 DEBUG 16972 --- [risk-simulator] [  restartedMain] o.f.c.i.s.DefaultSqlScriptExecutor       : Executing SQL: ALTER TABLE risk_scenarios ADD COLUMN IF NOT EXISTS likelihood VARCHAR(50) DEFAULT 'MEDIUM'
2026-05-08T01:35:55.576+05:30  WARN 16972 --- [risk-simulator] [  restartedMain] o.f.c.i.s.DefaultSqlScriptExecutor       : DB: column "likelihood" of relation "risk_scenarios" already exists, skipping (SQL State: 42701 - Error Code: 0)
2026-05-08T01:35:55.577+05:30 DEBUG 16972 --- [risk-simulator] [  restartedMain] o.f.c.i.s.DefaultSqlScriptExecutor       : 0 rows affected
2026-05-08T01:35:55.577+05:30 DEBUG 16972 --- [risk-simulator] [  restartedMain] o.f.c.i.s.DefaultSqlScriptExecutor       : Executing SQL: ALTER TABLE risk_scenarios ADD COLUMN IF NOT EXISTS mitigation_plan TEXT
2026-05-08T01:35:55.577+05:30  WARN 16972 --- [risk-simulator] [  restartedMain] o.f.c.i.s.DefaultSqlScriptExecutor       : DB: column "mitigation_plan" of relation "risk_scenarios" already exists, skipping (SQL State: 42701 - Error Code: 0)
2026-05-08T01:35:55.577+05:30 DEBUG 16972 --- [risk-simulator] [  restartedMain] o.f.c.i.s.DefaultSqlScriptExecutor       : 0 rows affected
2026-05-08T01:35:55.577+05:30 DEBUG 16972 --- [risk-simulator] [  restartedMain] o.f.c.i.s.DefaultSqlScriptExecutor       : Executing SQL: ALTER TABLE risk_scenarios ADD COLUMN IF NOT EXISTS projected_cost BIGINT DEFAULT 0
2026-05-08T01:35:55.578+05:30  WARN 16972 --- [risk-simulator] [  restartedMain] o.f.c.i.s.DefaultSqlScriptExecutor       : DB: column "projected_cost" of relation "risk_scenarios" already exists, skipping (SQL State: 42701 - Error Code: 0)
2026-05-08T01:35:55.578+05:30 DEBUG 16972 --- [risk-simulator] [  restartedMain] o.f.c.i.s.DefaultSqlScriptExecutor       : 0 rows affected
2026-05-08T01:35:55.578+05:30 DEBUG 16972 --- [risk-simulator] [  restartedMain] o.f.c.i.s.DefaultSqlScriptExecutor       : Executing SQL: ALTER TABLE risk_scenarios ADD COLUMN IF NOT EXISTS ai_description TEXT
2026-05-08T01:35:55.579+05:30  WARN 16972 --- [risk-simulator] [  restartedMain] o.f.c.i.s.DefaultSqlScriptExecutor       : DB: column "ai_description" of relation "risk_scenarios" already exists, skipping (SQL State: 42701 - Error Code: 0)
2026-05-08T01:35:55.579+05:30 DEBUG 16972 --- [risk-simulator] [  restartedMain] o.f.c.i.s.DefaultSqlScriptExecutor       : 0 rows affected
2026-05-08T01:35:55.579+05:30 DEBUG 16972 --- [risk-simulator] [  restartedMain] o.f.c.i.s.DefaultSqlScriptExecutor       : Executing SQL: ALTER TABLE risk_scenarios ADD COLUMN IF NOT EXISTS ai_recommendations TEXT
2026-05-08T01:35:55.579+05:30  WARN 16972 --- [risk-simulator] [  restartedMain] o.f.c.i.s.DefaultSqlScriptExecutor       : DB: column "ai_recommendations" of relation "risk_scenarios" already exists, skipping (SQL State: 42701 - Error Code: 0)
2026-05-08T01:35:55.579+05:30 DEBUG 16972 --- [risk-simulator] [  restartedMain] o.f.c.i.s.DefaultSqlScriptExecutor       : 0 rows affected
2026-05-08T01:35:55.579+05:30 DEBUG 16972 --- [risk-simulator] [  restartedMain] o.f.c.i.s.DefaultSqlScriptExecutor       : Executing SQL: -- Add indexes for common queries
CREATE INDEX IF NOT EXISTS idx_risk_scenarios_impact ON risk_scenarios(impact)
2026-05-08T01:35:55.623+05:30 DEBUG 16972 --- [risk-simulator] [  restartedMain] o.f.c.i.s.DefaultSqlScriptExecutor       : 0 rows affected
2026-05-08T01:35:55.623+05:30 DEBUG 16972 --- [risk-simulator] [  restartedMain] o.f.c.i.s.DefaultSqlScriptExecutor       : Executing SQL: CREATE INDEX IF NOT EXISTS idx_risk_scenarios_likelihood ON risk_scenarios(likelihood)
2026-05-08T01:35:55.626+05:30 DEBUG 16972 --- [risk-simulator] [  restartedMain] o.f.c.i.s.DefaultSqlScriptExecutor       : 0 rows affected
2026-05-08T01:35:55.628+05:30 DEBUG 16972 --- [risk-simulator] [  restartedMain] o.f.c.i.s.DefaultSqlScriptExecutor       : Executing SQL: CREATE INDEX IF NOT EXISTS idx_risk_scenarios_risk_score ON risk_scenarios(risk_score)
2026-05-08T01:35:55.632+05:30 DEBUG 16972 --- [risk-simulator] [  restartedMain] o.f.c.i.s.DefaultSqlScriptExecutor       : 0 rows affected
2026-05-08T01:35:55.632+05:30 DEBUG 16972 --- [risk-simulator] [  restartedMain] o.f.core.internal.command.DbMigrate      : Successfully completed migration of schema "public" to version "5 - add missing columns"
2026-05-08T01:35:55.643+05:30 DEBUG 16972 --- [risk-simulator] [  restartedMain] o.f.c.i.s.JdbcTableSchemaHistory         : Schema History table "public"."flyway_schema_history" successfully updated to reflect changes
2026-05-08T01:35:55.646+05:30 DEBUG 16972 --- [risk-simulator] [  restartedMain] o.f.c.a.c.ClassicConfiguration           : CherryPickConfigurationExtension not found
2026-05-08T01:35:55.654+05:30  INFO 16972 --- [risk-simulator] [  restartedMain] o.f.core.internal.command.DbMigrate      : Successfully applied 1 migration to schema "public", now at version v5 (execution time 00:00.071s)
2026-05-08T01:35:55.659+05:30 DEBUG 16972 --- [risk-simulator] [  restartedMain] org.flywaydb.core.FlywayExecutor         : Memory usage: 56 of 198M
2026-05-08T01:35:55.717+05:30  WARN 16972 --- [risk-simulator] [  restartedMain] JpaBaseConfiguration$JpaWebConfiguration : spring.jpa.open-in-view is enabled by default. Therefore, database queries may be performed during view rendering. Explicitly configure spring.jpa.open-in-view to disable this warning
2026-05-08T01:35:55.786+05:30  WARN 16972 --- [risk-simulator] [  restartedMain] .s.a.UserDetailsServiceAutoConfiguration : 

Using generated security password: 52415586-2948-4924-b6a3-f987581032e1

This generated password is for development use only. Your security configuration must be updated before running your application in production.

2026-05-08T01:35:55.795+05:30  INFO 16972 --- [risk-simulator] [  restartedMain] r$InitializeUserDetailsManagerConfigurer : Global AuthenticationManager configured with UserDetailsService bean with name inMemoryUserDetailsManager
2026-05-08T01:35:56.273+05:30  WARN 16972 --- [risk-simulator] [  restartedMain] ConfigServletWebServerApplicationContext : Exception encountered during context initialization - cancelling refresh attempt: org.springframework.context.ApplicationContextException: Failed to start bean 'webServerStartStop'
2026-05-08T01:35:56.275+05:30  INFO 16972 --- [risk-simulator] [  restartedMain] j.LocalContainerEntityManagerFactoryBean : Closing JPA EntityManagerFactory for persistence unit 'default'
2026-05-08T01:35:56.277+05:30  INFO 16972 --- [risk-simulator] [  restartedMain] com.zaxxer.hikari.HikariDataSource       : HikariPool-1 - Shutdown initiated...
2026-05-08T01:35:56.281+05:30  INFO 16972 --- [risk-simulator] [  restartedMain] com.zaxxer.hikari.HikariDataSource       : HikariPool-1 - Shutdown completed.
2026-05-08T01:35:56.295+05:30  INFO 16972 --- [risk-simulator] [  restartedMain] .s.b.a.l.ConditionEvaluationReportLogger : 

Error starting ApplicationContext. To display the condition evaluation report re-run your application with 'debug' enabled.
2026-05-08T01:35:56.309+05:30 ERROR 16972 --- [risk-simulator] [  restartedMain] o.s.b.d.LoggingFailureAnalysisReporter   : 

***************************
APPLICATION FAILED TO START
***************************

Description:

Web server failed to start. Port 8080 was already in use.

Action:

Identify and stop the process that's listening on port 8080 or configure this application to listen on another port.

[INFO] ------------------------------------------------------------------------
[INFO] BUILD SUCCESS
[INFO] ------------------------------------------------------------------------
[INFO] Total time:  12.898 s
[INFO] Finished at: 2026-05-08T01:35:56+05:30
[INFO] ------------------------------------------------------------------------
